#
# There is insufficient memory for the Java Runtime Environment to continue.
# Native memory allocation (mmap) failed to map 130023424 bytes. Error detail: G1 virtual space
# Possible reasons:
#   The system is out of physical RAM or swap space
#   This process is running with CompressedOops enabled, and the Java Heap may be blocking the growth of the native heap
# Possible solutions:
#   Reduce memory load on the system
#   Increase physical memory or swap space
#   Check if swap backing store is full
#   Decrease Java heap size (-Xmx/-Xms)
#   Decrease number of Java threads
#   Decrease Java thread stack sizes (-Xss)
#   Set larger code cache with -XX:ReservedCodeCacheSize=
#   JVM is running with Unscaled Compressed Oops mode in which the Java heap is
#     placed in the first 4GB address space. The Java Heap base address is the
#     maximum limit for the native heap growth. Please use -XX:HeapBaseMinAddress
#     to set the Java Heap base and to place the Java Heap above 4GB virtual address.
# This output file may be truncated or incomplete.
#
#  Out of Memory Error (os_windows.cpp:3564), pid=14784, tid=17432
#
# JRE version:  (24.0.2+12) (build )
# Java VM: Java HotSpot(TM) 64-Bit Server VM (24.0.2+12-54, mixed mode, sharing, tiered, compressed oops, compressed class ptrs, g1 gc, windows-amd64)
# No core dump will be written. Minidumps are not enabled by default on client versions of Windows
#

---------------  S U M M A R Y ------------

Command Line: -Dnet.bytebuddy.agent.attacher.dump= net.bytebuddy.agent.Attacher com.sun.tools.attach.VirtualMachine 24996 C:\Users\91701\.m2\repository\net\bytebuddy\byte-buddy-agent\1.14.12\byte-buddy-agent-1.14.12.jar false 

Host: 12th Gen Intel(R) Core(TM) i5-1235U, 12 cores, 7G,  Windows 11 , 64 bit Build 26100 (10.0.26100.7019)
Time: Mon Dec  1 17:00:07 2025 India Standard Time elapsed time: 0.015398 seconds (0d 0h 0m 0s)

---------------  T H R E A D  ---------------

Current thread (0x000002991f6625f0):  JavaThread "Unknown thread" [_thread_in_vm, id=17432, stack(0x000000d22bd00000,0x000000d22be00000) (1024K)]

Stack: [0x000000d22bd00000,0x000000d22be00000]
Native frames: (J=compiled Java code, j=interpreted, Vv=VM code, C=native code)
V  [jvm.dll+0x730829]  (no source info available)
V  [jvm.dll+0x8d9da3]  (no source info available)
V  [jvm.dll+0x8dc28d]  (no source info available)
V  [jvm.dll+0x8dc903]  (no source info available)
V  [jvm.dll+0x2a9f56]  (no source info available)
V  [jvm.dll+0x72cd55]  (no source info available)
V  [jvm.dll+0x72066a]  (no source info available)
V  [jvm.dll+0x390b7a]  (no source info available)
V  [jvm.dll+0x398906]  (no source info available)
V  [jvm.dll+0x3850de]  (no source info available)
V  [jvm.dll+0x385398]  (no source info available)
V  [jvm.dll+0x35d10c]  (no source info available)
V  [jvm.dll+0x35ddcd]  (no source info available)
V  [jvm.dll+0x89d50f]  (no source info available)
V  [jvm.dll+0x3f979d]  (no source info available)
V  [jvm.dll+0x885b66]  (no source info available)
V  [jvm.dll+0x495e7e]  (no source info available)
V  [jvm.dll+0x497c51]  (no source info available)
C  [jli.dll+0x52a1]  (no source info available)
C  [ucrtbase.dll+0x37b0]  (no source info available)
C  [KERNEL32.DLL+0x2e8d7]  (no source info available)
C  [ntdll.dll+0x8c53c]  (no source info available)

Lock stack of current Java thread (top to bottom):


---------------  P R O C E S S  ---------------

Threads class SMR info:
_java_thread_list=0x00007fffd178f318, length=0, elements={
}

Java Threads: ( => current thread )
Total: 0

Other Threads:
  0x000002991f8c0350 WorkerThread "GC Thread#0"                     [id=9692, stack(0x000000d22be00000,0x000000d22bf00000) (1024K)]
  0x000002991f8f2ce0 ConcurrentGCThread "G1 Main Marker"            [id=22932, stack(0x000000d22bf00000,0x000000d22c000000) (1024K)]
  0x000002991f8f46a0 WorkerThread "G1 Conc#0"                       [id=4228, stack(0x000000d22c000000,0x000000d22c100000) (1024K)]

[error occurred during error reporting (printing all threads), id 0xc0000005, EXCEPTION_ACCESS_VIOLATION (0xc0000005) at pc=0x00007fffd0ec138a]
VM state: not at safepoint (not fully initialized)

VM Mutex/Monitor currently owned by a thread:  ([mutex/lock_event])
[0x00007fffd18145f0] Heap_lock - owner thread: 0x000002991f6625f0

Heap address: 0x0000000084e00000, size: 1970 MB, Compressed Oops mode: 32-bit

CDS archive(s) mapped at: [0x0000000000000000-0x0000000000000000-0x0000000000000000), size 0, SharedBaseAddress: 0x0000000800000000, ArchiveRelocationMode: 1.
UseCompressedClassPointers 1, UseCompactObjectHeaders 0
Narrow klass pointer bits 32, Max shift 3
Narrow klass base: 0xffffffffffffffff, Narrow klass shift: -1
Encoding Range: [0xffffffffffffffff - 0x000000007fffffff), (2147483648 bytes)
Klass Range:    [0x0000000000000000 - 0x0000000000000000), (0 bytes)
Klass ID Range:  [4294967295 - 0) (1)

GC Precious Log:
 CardTable entry size: 512
 Card Set container configuration: InlinePtr #cards 5 size 8 Array Of Cards #cards 10 size 36 Howl #buckets 4 coarsen threshold 1843 Howl Bitmap #cards 512 size 80 coarsen threshold 460 Card regions per heap region 1 cards per card region 2048

Heap:
 garbage-first heap   total reserved 2017280K, committed 0K, used 0K [0x0000000084e00000, 0x0000000100000000)
  region size 1024K, 0 young (0K), 0 survivors (0K)

[error occurred during error reporting (printing heap information), id 0xc0000005, EXCEPTION_ACCESS_VIOLATION (0xc0000005) at pc=0x00007fffd12de679]
GC Heap History (0 events):
No events

Dll operation events (1 events):
Event: 0.009 Loaded shared library D:\oracle\bin\java.dll

Deoptimization events (0 events):
No events

Classes loaded (0 events):
No events

Classes unloaded (0 events):
No events

Classes redefined (0 events):
No events

Internal exceptions (0 events):
No events

VM Operations (0 events):
No events

Memory protections (0 events):
No events

Nmethod flushes (0 events):
No events

Events (0 events):
No events


Dynamic libraries:
0x00007ff6e7990000 - 0x00007ff6e79a0000 	D:\oracle\bin\java.exe
0x00007ff88dba0000 - 0x00007ff88de08000 	C:\WINDOWS\SYSTEM32\ntdll.dll
0x00007ff88cd00000 - 0x00007ff88cdc9000 	C:\WINDOWS\System32\KERNEL32.DLL
0x00007ff88b090000 - 0x00007ff88b488000 	C:\WINDOWS\System32\KERNELBASE.dll
0x00007ff88b5f0000 - 0x00007ff88b73b000 	C:\WINDOWS\System32\ucrtbase.dll
0x00007ff86f0d0000 - 0x00007ff86f0eb000 	D:\oracle\bin\VCRUNTIME140.dll
0x00007ff876bc0000 - 0x00007ff876bd6000 	D:\oracle\bin\jli.dll
0x00007ff88cab0000 - 0x00007ff88cc77000 	C:\WINDOWS\System32\USER32.dll
0x00007ff86ee20000 - 0x00007ff86f0b4000 	C:\WINDOWS\WinSxS\amd64_microsoft.windows.common-controls_6595b64144ccf1df_6.0.26100.7019_none_3e06ffa0e335b8a8\COMCTL32.dll
0x00007ff88b490000 - 0x00007ff88b4b7000 	C:\WINDOWS\System32\win32u.dll
0x00007ff88c390000 - 0x00007ff88c439000 	C:\WINDOWS\System32\msvcrt.dll
0x00007ff88c970000 - 0x00007ff88c99b000 	C:\WINDOWS\System32\GDI32.dll
0x00007ff88b4c0000 - 0x00007ff88b5ec000 	C:\WINDOWS\System32\gdi32full.dll
0x00007ff88ada0000 - 0x00007ff88ae43000 	C:\WINDOWS\System32\msvcp_win.dll
0x00007ff88db20000 - 0x00007ff88db51000 	C:\WINDOWS\System32\IMM32.DLL
0x00007ff8798f0000 - 0x00007ff8798fc000 	D:\oracle\bin\vcruntime140_1.dll
0x00007ff8286f0000 - 0x00007ff82877e000 	D:\oracle\bin\msvcp140.dll
0x00007fffd0b50000 - 0x00007fffd18f1000 	D:\oracle\bin\server\jvm.dll
0x00007ff88c450000 - 0x00007ff88c504000 	C:\WINDOWS\System32\ADVAPI32.dll
0x00007ff88d7b0000 - 0x00007ff88d856000 	C:\WINDOWS\System32\sechost.dll
0x00007ff88c590000 - 0x00007ff88c6a8000 	C:\WINDOWS\System32\RPCRT4.dll
0x00007ff88d630000 - 0x00007ff88d6a4000 	C:\WINDOWS\System32\WS2_32.dll
0x00007ff88ab50000 - 0x00007ff88abae000 	C:\WINDOWS\SYSTEM32\POWRPROF.dll
0x00007ff87f320000 - 0x00007ff87f32b000 	C:\WINDOWS\SYSTEM32\VERSION.dll
0x00007ff887570000 - 0x00007ff8875a5000 	C:\WINDOWS\SYSTEM32\WINMM.dll
0x00007ff88ab30000 - 0x00007ff88ab44000 	C:\WINDOWS\SYSTEM32\UMPDC.dll
0x00007ff889ab0000 - 0x00007ff889acb000 	C:\WINDOWS\SYSTEM32\kernel.appcore.dll
0x00007ff877530000 - 0x00007ff87753a000 	D:\oracle\bin\jimage.dll
0x00007ff888300000 - 0x00007ff888542000 	C:\WINDOWS\SYSTEM32\DBGHELP.DLL
0x00007ff88bb70000 - 0x00007ff88befb000 	C:\WINDOWS\System32\combase.dll
0x00007ff88c880000 - 0x00007ff88c957000 	C:\WINDOWS\System32\OLEAUT32.dll
0x00007ff86d1c0000 - 0x00007ff86d1fc000 	C:\WINDOWS\SYSTEM32\dbgcore.DLL
0x00007ff88acf0000 - 0x00007ff88ad95000 	C:\WINDOWS\System32\bcryptPrimitives.dll
0x00007ff84d290000 - 0x00007ff84d2ae000 	D:\oracle\bin\java.dll
0x00007ff88c6b0000 - 0x00007ff88c847000 	C:\WINDOWS\System32\ole32.dll
0x00007ff88ce40000 - 0x00007ff88d591000 	C:\WINDOWS\System32\SHELL32.dll
0x00007ff88b7d0000 - 0x00007ff88b93b000 	C:\WINDOWS\System32\wintypes.dll

JVMTI agents: none

dbghelp: loaded successfully - version: 4.0.5 - missing functions: none
symbol engine: initialized successfully - sym options: 0x614 - pdb path: .;D:\oracle\bin;C:\WINDOWS\SYSTEM32;C:\WINDOWS\WinSxS\amd64_microsoft.windows.common-controls_6595b64144ccf1df_6.0.26100.7019_none_3e06ffa0e335b8a8;D:\oracle\bin\server

VM Arguments:
jvm_args: -Dnet.bytebuddy.agent.attacher.dump= 
java_command: net.bytebuddy.agent.Attacher com.sun.tools.attach.VirtualMachine 24996 C:\Users\91701\.m2\repository\net\bytebuddy\byte-buddy-agent\1.14.12\byte-buddy-agent-1.14.12.jar false 
java_class_path (initial): C:\Users\91701\.m2\repository\net\bytebuddy\byte-buddy-agent\1.14.12\byte-buddy-agent-1.14.12.jar
Launcher Type: SUN_STANDARD

[Global flags]
     intx CICompilerCount                          = 4                                         {product} {ergonomic}
     uint ConcGCThreads                            = 3                                         {product} {ergonomic}
     uint G1ConcRefinementThreads                  = 10                                        {product} {ergonomic}
   size_t G1HeapRegionSize                         = 1048576                                   {product} {ergonomic}
   size_t InitialHeapSize                          = 130023424                                 {product} {ergonomic}
   size_t MarkStackSize                            = 4194304                                   {product} {ergonomic}
   size_t MarkStackSizeMax                         = 536870912                                 {product} {ergonomic}
   size_t MaxHeapSize                              = 2065694720                                {product} {ergonomic}
   size_t MinHeapDeltaBytes                        = 1048576                                   {product} {ergonomic}
   size_t MinHeapSize                              = 8388608                                   {product} {ergonomic}
    uintx NonNMethodCodeHeapSize                   = 5832704                                {pd product} {ergonomic}
    uintx NonProfiledCodeHeapSize                  = 122945536                              {pd product} {ergonomic}
    uintx ProfiledCodeHeapSize                     = 122880000                              {pd product} {ergonomic}
    uintx ReservedCodeCacheSize                    = 251658240                              {pd product} {ergonomic}
     bool SegmentedCodeCache                       = true                                      {product} {ergonomic}
   size_t SoftMaxHeapSize                          = 2065694720                             {manageable} {ergonomic}
     bool UseCompressedOops                        = true                           {product lp64_product} {ergonomic}
     bool UseG1GC                                  = true                                      {product} {ergonomic}
     bool UseLargePagesIndividualAllocation        = false                                  {pd product} {ergonomic}

Logging:
Log output configuration:
 #0: stdout all=warning uptime,level,tags foldmultilines=false
 #1: stderr all=off uptime,level,tags foldmultilines=false

Environment Variables:
JAVA_HOME=D:\oracle
PATH=C:\Program Files\Common Files\Oracle\Java\javapath;D:\oracle\product\10.2.0\db_1\bin;C:\WINDOWS\system32;C:\WINDOWS;C:\WINDOWS\System32\Wbem;C:\WINDOWS\System32\WindowsPowerShell\v1.0\;C:\WINDOWS\System32\OpenSSH\;C:\Program Files\dotnet\;C:\Program Files\Java\jdk-19\bin;C:\Program Files\MySQL\MySQL Server 8.0\bin;D:\oracle\bin;C:\Users\91701\AppData\Local\nvm;C:\nvm4w\nodejs;C:\Program Files\Git\cmd;C:\apache-maven\apache-maven-3.9.11\bin;C:\Users\91701\AppData\Local\Programs\Python\Python312\Scripts\;C:\Users\91701\AppData\Local\Programs\Python\Python312\;C:\Users\91701\AppData\Local\Programs\Python\Python311\Scripts\;C:\Users\91701\AppData\Local\Programs\Python\Python311\;C:\Program Files\Java\jdk-19\bin;C:\Users\91701\AppData\Local\Programs\Microsoft VS Code\bin;C:\Users\91701\AppData\Local\Microsoft\WindowsApps;C:\Users\91701\AppData\Local\Python\bin;C:\Users\91701\AppData\Roaming\npm;C:\Users\91701\AppData\Local\nvm;C:\nvm4w\nodejs
USERNAME=91701
LANG=en_US.UTF-8
OS=Windows_NT
PROCESSOR_IDENTIFIER=Intel64 Family 6 Model 154 Stepping 4, GenuineIntel
TMP=C:\Users\91701\AppData\Local\Temp
TEMP=C:\Users\91701\AppData\Local\Temp




Periodic native trim disabled

---------------  S Y S T E M  ---------------

OS:
 Windows 11 , 64 bit Build 26100 (10.0.26100.7019)
OS uptime: 2 days 7:29 hours
Hyper-V role detected

CPU: total 12 (initial active 12) (6 cores per cpu, 2 threads per core) family 6 model 154 stepping 4 microcode 0x437, cx8, cmov, fxsr, ht, mmx, 3dnowpref, sse, sse2, sse3, ssse3, sse4.1, sse4.2, popcnt, lzcnt, tsc, tscinvbit, avx, avx2, aes, erms, clmul, bmi1, bmi2, adx, sha, fma, vzeroupper, clflush, clflushopt, clwb, hv, serialize, rdtscp, rdpid, fsrm, gfni, f16c, cet_ibt, cet_ss
Processor Information for the first 12 processors :
  Max Mhz: 1300, Current Mhz: 1300, Mhz Limit: 1300

Memory: 4k page, system-wide physical 7876M (956M free)
TotalPageFile size 17264M (AvailPageFile size 102M)
current process WorkingSet (physical memory assigned to process): 14M, peak: 14M
current process commit charge ("private bytes"): 65M, peak: 188M

vm_info: Java HotSpot(TM) 64-Bit Server VM (24.0.2+12-54) for windows-amd64 JRE (24.0.2+12-54), built on 2025-07-08T12:10:27Z with MS VC++ 17.6 (VS2022)

END.
